<?xml version="1.0" encoding="UTF-8" ?>
<testsuites name="vitest tests" tests="15" failures="0" errors="0" time="1.679202125">
    <testsuite name="src/account-lifecycle-store.integration.test.ts" timestamp="2026-08-28T16:08:30.712Z" hostname="local-development-host" tests="8" failures="0" errors="0" skipped="0" time="0.840493375">
        <testcase classname="src/account-lifecycle-store.integration.test.ts" name="account lifecycle against real PostgreSQL &gt; creates one identity-bound session for retries and rejects public-ID collisions" time="0.032659292">
        </testcase>
        <testcase classname="src/account-lifecycle-store.integration.test.ts" name="account lifecycle against real PostgreSQL &gt; migrates privacy-safe lifecycle records and blocks legacy provider linking" time="0.024198083">
        </testcase>
        <testcase classname="src/account-lifecycle-store.integration.test.ts" name="account lifecycle against real PostgreSQL &gt; links only with fresh single-use proof and records history, audit, and security fan-out" time="0.015232166">
        </testcase>
        <testcase classname="src/account-lifecycle-store.integration.test.ts" name="account lifecycle against real PostgreSQL &gt; allows one secure provider-subject binding across two populated accounts and audits the loser" time="0.018415916">
        </testcase>
        <testcase classname="src/account-lifecycle-store.integration.test.ts" name="account lifecycle against real PostgreSQL &gt; rejects the last method and permits exactly one concurrent unlink winner" time="0.0294965">
        </testcase>
        <testcase classname="src/account-lifecycle-store.integration.test.ts" name="account lifecycle against real PostgreSQL &gt; revokes only the account owner session and records the logout audit atomically" time="0.012702583">
        </testcase>
        <testcase classname="src/account-lifecycle-store.integration.test.ts" name="account lifecycle against real PostgreSQL &gt; enforces dual-controlled recovery holds before sensitive identity changes" time="0.034035375">
        </testcase>
        <testcase classname="src/account-lifecycle-store.integration.test.ts" name="account lifecycle against real PostgreSQL &gt; records export/deletion requests and requires recent auth plus no recovery hold" time="0.022347375">
        </testcase>
    </testsuite>
    <testsuite name="src/authorization-policy-store.integration.test.ts" timestamp="2026-08-28T16:08:30.713Z" hostname="local-development-host" tests="7" failures="0" errors="0" skipped="0" time="0.83870875">
        <testcase classname="src/authorization-policy-store.integration.test.ts" name="M4 authorization matrix against real PostgreSQL &gt; requires an authenticated server actor before any private resource query" time="0.002285083">
        </testcase>
        <testcase classname="src/authorization-policy-store.integration.test.ts" name="M4 authorization matrix against real PostgreSQL &gt; lets a Creator read only their own application and submission" time="0.009790167">
        </testcase>
        <testcase classname="src/authorization-policy-store.integration.test.ts" name="M4 authorization matrix against real PostgreSQL &gt; conceals every cross-business campaign from the other active owner" time="0.002909542">
        </testcase>
        <testcase classname="src/authorization-policy-store.integration.test.ts" name="M4 authorization matrix against real PostgreSQL &gt; returns only an assigned Venue Staff location and date window" time="0.004883167">
        </testcase>
        <testcase classname="src/authorization-policy-store.integration.test.ts" name="M4 authorization matrix against real PostgreSQL &gt; gives Support a read-only investigation projection and requires separate Finance authority" time="0.004008542">
        </testcase>
        <testcase classname="src/authorization-policy-store.integration.test.ts" name="M4 authorization matrix against real PostgreSQL &gt; requires an active Admin, a bounded reason, and one high-priority override audit" time="0.005013125">
        </testcase>
        <testcase classname="src/authorization-policy-store.integration.test.ts" name="M4 authorization matrix against real PostgreSQL &gt; rechecks disabled-user state immediately and ignores role-shaped caller intent" time="0.004039916">
        </testcase>
    </testsuite>
</testsuites>
