<?xml version="1.0" encoding="UTF-8" ?>
<testsuites name="vitest tests" tests="21" failures="0" errors="0" time="0.404577375">
    <testsuite name="src/domain-api.integration.test.ts" timestamp="2026-08-28T14:17:51.800Z" hostname="local-development-host" tests="21" failures="0" errors="0" skipped="0" time="0.404577375">
        <testcase classname="src/domain-api.integration.test.ts" name="authenticated Creator and Business API slice &gt; maps one external issuer/subject to current Creator and Business contexts without trusting a token role" time="0.042587584">
        </testcase>
        <testcase classname="src/domain-api.integration.test.ts" name="authenticated Creator and Business API slice &gt; denies untrusted external context: missing role" time="0.008542458">
        </testcase>
        <testcase classname="src/domain-api.integration.test.ts" name="authenticated Creator and Business API slice &gt; denies untrusted external context: invented role" time="0.006002042">
        </testcase>
        <testcase classname="src/domain-api.integration.test.ts" name="authenticated Creator and Business API slice &gt; denies untrusted external context: Creator with Business context" time="0.004864">
        </testcase>
        <testcase classname="src/domain-api.integration.test.ts" name="authenticated Creator and Business API slice &gt; denies untrusted external context: Business without workspace" time="0.004897458">
        </testcase>
        <testcase classname="src/domain-api.integration.test.ts" name="authenticated Creator and Business API slice &gt; denies untrusted external context: cross-tenant workspace" time="0.0054505">
        </testcase>
        <testcase classname="src/domain-api.integration.test.ts" name="authenticated Creator and Business API slice &gt; denies untrusted external context: invented membership role" time="0.00524825">
        </testcase>
        <testcase classname="src/domain-api.integration.test.ts" name="authenticated Creator and Business API slice &gt; conceals unknown and revoked external subjects behind the same authentication response" time="0.005243875">
        </testcase>
        <testcase classname="src/domain-api.integration.test.ts" name="authenticated Creator and Business API slice &gt; rechecks account and membership state for every request made with the same external token" time="0.011100375">
        </testcase>
        <testcase classname="src/domain-api.integration.test.ts" name="authenticated Creator and Business API slice &gt; stops accepting the same external token immediately after its identity binding is revoked" time="0.009162792">
        </testcase>
        <testcase classname="src/domain-api.integration.test.ts" name="authenticated Creator and Business API slice &gt; keeps deployed verification fail-closed and synthetic verification local-only" time="0.020078417">
        </testcase>
        <testcase classname="src/domain-api.integration.test.ts" name="authenticated Creator and Business API slice &gt; resolves a current Business workspace and denies invented tenant membership" time="0.009617459">
        </testcase>
        <testcase classname="src/domain-api.integration.test.ts" name="authenticated Creator and Business API slice &gt; returns only safe account-owned identity and active-session metadata" time="0.014834792">
        </testcase>
        <testcase classname="src/domain-api.integration.test.ts" name="authenticated Creator and Business API slice &gt; links and unlinks only through recent auth plus one-time local provider control" time="0.048011834">
        </testcase>
        <testcase classname="src/domain-api.integration.test.ts" name="authenticated Creator and Business API slice &gt; revokes only own sessions and accepts export/deletion requests with the right proof" time="0.038094959">
        </testcase>
        <testcase classname="src/domain-api.integration.test.ts" name="authenticated Creator and Business API slice &gt; rejects disabled and deletion-requested users at the bearer boundary" time="0.00711625">
        </testcase>
        <testcase classname="src/domain-api.integration.test.ts" name="authenticated Creator and Business API slice &gt; enforces role separation and hides cross-tenant campaign reads" time="0.012329208">
        </testcase>
        <testcase classname="src/domain-api.integration.test.ts" name="authenticated Creator and Business API slice &gt; returns Creator feed/detail and stable Business cursor pages" time="0.014850875">
        </testcase>
        <testcase classname="src/domain-api.integration.test.ts" name="authenticated Creator and Business API slice &gt; requires current locality and replays the same application retry exactly once" time="0.027508084">
        </testcase>
        <testcase classname="src/domain-api.integration.test.ts" name="authenticated Creator and Business API slice &gt; returns Creator-owned Reach state and records then revokes per-platform consent" time="0.033061542">
        </testcase>
        <testcase classname="src/domain-api.integration.test.ts" name="authenticated Creator and Business API slice &gt; gives Business members only fixed Reach packages and capability availability" time="0.0058255">
        </testcase>
    </testsuite>
</testsuites>
