<?xml version="1.0" encoding="UTF-8" ?>
<testsuites name="vitest tests" tests="14" failures="0" errors="0" time="0.047969792">
    <testsuite name="src/entra-token-verifier.test.ts" timestamp="2026-08-28T15:33:29.873Z" hostname="local-development-host" tests="14" failures="0" errors="0" skipped="0" time="0.047969792">
        <testcase classname="src/entra-token-verifier.test.ts" name="Entra access-token verifier boundary &gt; fails closed for absent, partial, unsafe, or cross-host configuration" time="0.003568416">
        </testcase>
        <testcase classname="src/entra-token-verifier.test.ts" name="Entra access-token verifier boundary &gt; accepts complete trusted configuration and returns identity evidence without app roles" time="0.002214459">
        </testcase>
        <testcase classname="src/entra-token-verifier.test.ts" name="Entra access-token verifier boundary &gt; rejects a wrong issuer with one bounded authentication error" time="0.001001542">
        </testcase>
        <testcase classname="src/entra-token-verifier.test.ts" name="Entra access-token verifier boundary &gt; rejects a wrong audience with one bounded authentication error" time="0.000606625">
        </testcase>
        <testcase classname="src/entra-token-verifier.test.ts" name="Entra access-token verifier boundary &gt; rejects a wrong tenant with one bounded authentication error" time="0.000574458">
        </testcase>
        <testcase classname="src/entra-token-verifier.test.ts" name="Entra access-token verifier boundary &gt; rejects a wrong version with one bounded authentication error" time="0.0005595">
        </testcase>
        <testcase classname="src/entra-token-verifier.test.ts" name="Entra access-token verifier boundary &gt; rejects a wrong scope with one bounded authentication error" time="0.000532667">
        </testcase>
        <testcase classname="src/entra-token-verifier.test.ts" name="Entra access-token verifier boundary &gt; rejects a wrong duplicate scope with one bounded authentication error" time="0.000502959">
        </testcase>
        <testcase classname="src/entra-token-verifier.test.ts" name="Entra access-token verifier boundary &gt; rejects a wrong expired time with one bounded authentication error" time="0.000513542">
        </testcase>
        <testcase classname="src/entra-token-verifier.test.ts" name="Entra access-token verifier boundary &gt; rejects a wrong future not-before with one bounded authentication error" time="0.000516833">
        </testcase>
        <testcase classname="src/entra-token-verifier.test.ts" name="Entra access-token verifier boundary &gt; rejects a wrong future issued-at with one bounded authentication error" time="0.000533583">
        </testcase>
        <testcase classname="src/entra-token-verifier.test.ts" name="Entra access-token verifier boundary &gt; rejects algorithm confusion, a wrong signing key, unknown key, malformed token, and oversized token" time="0.001993542">
        </testcase>
        <testcase classname="src/entra-token-verifier.test.ts" name="Entra access-token verifier boundary &gt; caches a trusted JWKS and reloads once for a rotated signing key" time="0.008584709">
        </testcase>
        <testcase classname="src/entra-token-verifier.test.ts" name="Entra access-token verifier boundary &gt; never exposes token claims, key IDs, or provider failures in verification errors" time="0.000510042">
        </testcase>
    </testsuite>
</testsuites>
