<?xml version="1.0" encoding="UTF-8" ?>
<testsuites name="vitest tests" tests="10" failures="0" errors="0" time="0.007197708">
    <testsuite name="lib/oidc-client.test.ts" timestamp="2026-08-28T13:48:44.833Z" hostname="local-development-host" tests="8" failures="0" errors="0" skipped="0" time="0.004640416">
        <testcase classname="lib/oidc-client.test.ts" name="mobile OIDC and PKCE boundary &gt; fails closed when configuration is absent, partial, insecure, or has the wrong redirect" time="0.000915042">
        </testcase>
        <testcase classname="lib/oidc-client.test.ts" name="mobile OIDC and PKCE boundary &gt; accepts only complete authorization-code configuration with required unique scopes" time="0.000189458">
        </testcase>
        <testcase classname="lib/oidc-client.test.ts" name="mobile OIDC and PKCE boundary &gt; creates 256-bit state, nonce, verifier, S256 challenge, and an exact ten-minute request" time="0.001333875">
        </testcase>
        <testcase classname="lib/oidc-client.test.ts" name="mobile OIDC and PKCE boundary &gt; accepts one exact callback and rejects replay without exposing transaction secrets" time="0.000553209">
        </testcase>
        <testcase classname="lib/oidc-client.test.ts" name="mobile OIDC and PKCE boundary &gt; does not consume the real transaction for a wrong state, redirect, or client-asserted provider" time="0.000270417">
        </testcase>
        <testcase classname="lib/oidc-client.test.ts" name="mobile OIDC and PKCE boundary &gt; consumes an expired transaction and rejects malformed or duplicate callback fields" time="0.000178083">
        </testcase>
        <testcase classname="lib/oidc-client.test.ts" name="mobile OIDC and PKCE boundary &gt; maps user cancellation and provider failure without trusting error descriptions" time="0.000191042">
        </testcase>
        <testcase classname="lib/oidc-client.test.ts" name="mobile OIDC and PKCE boundary &gt; allows exactly one winner when duplicate callbacks race" time="0.000412708">
        </testcase>
    </testsuite>
    <testsuite name="lib/oidc-transaction-storage.test.ts" timestamp="2026-08-28T13:48:44.833Z" hostname="local-development-host" tests="2" failures="0" errors="0" skipped="0" time="0.002557292">
        <testcase classname="lib/oidc-transaction-storage.test.ts" name="native OIDC transaction storage &gt; protects the verifier and consumes it exactly once with device-bound options" time="0.001574583">
        </testcase>
        <testcase classname="lib/oidc-transaction-storage.test.ts" name="native OIDC transaction storage &gt; deletes malformed protected transactions and refuses unavailable storage" time="0.000473167">
        </testcase>
    </testsuite>
</testsuites>
