<?xml version="1.0" encoding="UTF-8" ?>
<testsuites name="vitest tests" tests="25" failures="0" errors="0" time="0.501478084">
    <testsuite name="src/domain-api.integration.test.ts" timestamp="2026-08-28T14:57:15.918Z" hostname="local-development-host" tests="25" failures="0" errors="0" skipped="0" time="0.501478084">
        <testcase classname="src/domain-api.integration.test.ts" name="authenticated Creator and Business API slice &gt; bootstraps one safe session idempotently and reprojects current Creator and Business access" time="0.062029083">
        </testcase>
        <testcase classname="src/domain-api.integration.test.ts" name="authenticated Creator and Business API slice &gt; rejects session collisions and requires the same active identity-bound session later" time="0.015667416">
        </testcase>
        <testcase classname="src/domain-api.integration.test.ts" name="authenticated Creator and Business API slice &gt; maps one external issuer/subject to current Creator and Business contexts without trusting a token role" time="0.00835475">
        </testcase>
        <testcase classname="src/domain-api.integration.test.ts" name="authenticated Creator and Business API slice &gt; denies untrusted external context: missing role" time="0.005117375">
        </testcase>
        <testcase classname="src/domain-api.integration.test.ts" name="authenticated Creator and Business API slice &gt; denies untrusted external context: invented role" time="0.004701458">
        </testcase>
        <testcase classname="src/domain-api.integration.test.ts" name="authenticated Creator and Business API slice &gt; denies untrusted external context: Creator with Business context" time="0.004676125">
        </testcase>
        <testcase classname="src/domain-api.integration.test.ts" name="authenticated Creator and Business API slice &gt; denies untrusted external context: Business without workspace" time="0.00522325">
        </testcase>
        <testcase classname="src/domain-api.integration.test.ts" name="authenticated Creator and Business API slice &gt; denies untrusted external context: cross-tenant workspace" time="0.006288125">
        </testcase>
        <testcase classname="src/domain-api.integration.test.ts" name="authenticated Creator and Business API slice &gt; denies untrusted external context: invented membership role" time="0.006513958">
        </testcase>
        <testcase classname="src/domain-api.integration.test.ts" name="authenticated Creator and Business API slice &gt; conceals unknown and revoked external subjects behind the same authentication response" time="0.00716025">
        </testcase>
        <testcase classname="src/domain-api.integration.test.ts" name="authenticated Creator and Business API slice &gt; rechecks account and membership state for every request made with the same external token" time="0.016617291">
        </testcase>
        <testcase classname="src/domain-api.integration.test.ts" name="authenticated Creator and Business API slice &gt; invalidates the same provider token immediately after Local Missions logout" time="0.013740667">
        </testcase>
        <testcase classname="src/domain-api.integration.test.ts" name="authenticated Creator and Business API slice &gt; rejects an expired Local Missions session even while the provider token remains valid" time="0.010245917">
        </testcase>
        <testcase classname="src/domain-api.integration.test.ts" name="authenticated Creator and Business API slice &gt; stops accepting the same external token immediately after its identity binding is revoked" time="0.016967208">
        </testcase>
        <testcase classname="src/domain-api.integration.test.ts" name="authenticated Creator and Business API slice &gt; keeps deployed verification fail-closed and synthetic verification local-only" time="0.026536667">
        </testcase>
        <testcase classname="src/domain-api.integration.test.ts" name="authenticated Creator and Business API slice &gt; resolves a current Business workspace and denies invented tenant membership" time="0.011712666">
        </testcase>
        <testcase classname="src/domain-api.integration.test.ts" name="authenticated Creator and Business API slice &gt; returns only safe account-owned identity and active-session metadata" time="0.017410375">
        </testcase>
        <testcase classname="src/domain-api.integration.test.ts" name="authenticated Creator and Business API slice &gt; links and unlinks only through recent auth plus one-time local provider control" time="0.047538292">
        </testcase>
        <testcase classname="src/domain-api.integration.test.ts" name="authenticated Creator and Business API slice &gt; revokes only own sessions and accepts export/deletion requests with the right proof" time="0.03530075">
        </testcase>
        <testcase classname="src/domain-api.integration.test.ts" name="authenticated Creator and Business API slice &gt; rejects disabled and deletion-requested users at the bearer boundary" time="0.006861625">
        </testcase>
        <testcase classname="src/domain-api.integration.test.ts" name="authenticated Creator and Business API slice &gt; enforces role separation and hides cross-tenant campaign reads" time="0.011735">
        </testcase>
        <testcase classname="src/domain-api.integration.test.ts" name="authenticated Creator and Business API slice &gt; returns Creator feed/detail and stable Business cursor pages" time="0.016655875">
        </testcase>
        <testcase classname="src/domain-api.integration.test.ts" name="authenticated Creator and Business API slice &gt; requires current locality and replays the same application retry exactly once" time="0.027497667">
        </testcase>
        <testcase classname="src/domain-api.integration.test.ts" name="authenticated Creator and Business API slice &gt; returns Creator-owned Reach state and records then revokes per-platform consent" time="0.031922083">
        </testcase>
        <testcase classname="src/domain-api.integration.test.ts" name="authenticated Creator and Business API slice &gt; gives Business members only fixed Reach packages and capability availability" time="0.006604583">
        </testcase>
    </testsuite>
</testsuites>
