<?xml version="1.0" encoding="UTF-8" ?>
<testsuites name="vitest tests" tests="7" failures="0" errors="0" time="0.814471125">
    <testsuite name="src/account-lifecycle-store.integration.test.ts" timestamp="2026-08-28T14:57:17.635Z" hostname="local-development-host" tests="7" failures="0" errors="0" skipped="0" time="0.814471125">
        <testcase classname="src/account-lifecycle-store.integration.test.ts" name="account lifecycle against real PostgreSQL &gt; creates one identity-bound session for retries and rejects public-ID collisions" time="0.025783708">
        </testcase>
        <testcase classname="src/account-lifecycle-store.integration.test.ts" name="account lifecycle against real PostgreSQL &gt; migrates privacy-safe lifecycle records and blocks legacy provider linking" time="0.016581417">
        </testcase>
        <testcase classname="src/account-lifecycle-store.integration.test.ts" name="account lifecycle against real PostgreSQL &gt; links only with fresh single-use proof and records history, audit, and security fan-out" time="0.015959584">
        </testcase>
        <testcase classname="src/account-lifecycle-store.integration.test.ts" name="account lifecycle against real PostgreSQL &gt; rejects the last method and permits exactly one concurrent unlink winner" time="0.027577375">
        </testcase>
        <testcase classname="src/account-lifecycle-store.integration.test.ts" name="account lifecycle against real PostgreSQL &gt; revokes only the account owner session and records the logout audit atomically" time="0.01181675">
        </testcase>
        <testcase classname="src/account-lifecycle-store.integration.test.ts" name="account lifecycle against real PostgreSQL &gt; enforces dual-controlled recovery holds before sensitive identity changes" time="0.027877542">
        </testcase>
        <testcase classname="src/account-lifecycle-store.integration.test.ts" name="account lifecycle against real PostgreSQL &gt; records export/deletion requests and requires recent auth plus no recovery hold" time="0.021428208">
        </testcase>
    </testsuite>
</testsuites>
