<?xml version="1.0" encoding="UTF-8" ?>
<testsuites name="vitest tests" tests="5" failures="0" errors="0" time="0.196082708">
    <testsuite name="src/domain-api.integration.test.ts" timestamp="2026-08-27T19:04:12.749Z" hostname="local-development-host" tests="5" failures="0" errors="0" skipped="0" time="0.196082708">
        <testcase classname="src/domain-api.integration.test.ts" name="authenticated Creator and Business API slice &gt; keeps deployed verification fail-closed and synthetic verification local-only" time="0.033394375">
        </testcase>
        <testcase classname="src/domain-api.integration.test.ts" name="authenticated Creator and Business API slice &gt; resolves a current Business workspace and denies invented tenant membership" time="0.014342542">
        </testcase>
        <testcase classname="src/domain-api.integration.test.ts" name="authenticated Creator and Business API slice &gt; enforces role separation and hides cross-tenant campaign reads" time="0.02081475">
        </testcase>
        <testcase classname="src/domain-api.integration.test.ts" name="authenticated Creator and Business API slice &gt; returns Creator feed/detail and stable Business cursor pages" time="0.021159792">
        </testcase>
        <testcase classname="src/domain-api.integration.test.ts" name="authenticated Creator and Business API slice &gt; requires current locality and replays the same application retry exactly once" time="0.033764792">
        </testcase>
    </testsuite>
</testsuites>
