<?xml version="1.0" encoding="UTF-8" ?>
<testsuites name="vitest tests" tests="2" failures="0" errors="0" time="0.749274667">
    <testsuite name="src/migration-recovery.integration.test.ts" timestamp="2026-08-27T18:19:47.256Z" hostname="local-development-host" tests="2" failures="0" errors="0" skipped="0" time="0.749274667">
        <testcase classname="src/migration-recovery.integration.test.ts" name="latest schema and roll-forward recovery &gt; applies every manifested migration atomically to a truly empty PostgreSQL database" time="0.402605041">
        </testcase>
        <testcase classname="src/migration-recovery.integration.test.ts" name="latest schema and roll-forward recovery &gt; rolls an injected N-1 migration failure back, then recovers forward without data loss" time="0.344363667">
        </testcase>
    </testsuite>
</testsuites>
